<?xml version="1.0" encoding="UTF-8"?>
<!-- Generated by org.testng.reporters.JUnitReportReporter -->
<testsuite skipped="0" hostname="JAY-COMPUTER" name="com.parkingcalculator.test.ParkingCalTest" tests="1" failures="0" timestamp="06 Feb 2019 19:24:27 GMT" time="24.290" errors="0">
  <testcase name="calculateShotTermParking" time="24.290" classname="com.parkingcalculator.test.ParkingCalTest"/>
</testsuite> <!-- com.parkingcalculator.test.ParkingCalTest -->
